{
    "meta": {
        "format": 3,
        "version": "7.8.2",
        "timestamp": "2025-05-29T18:44:28.227250",
        "branch_coverage": true,
        "show_contexts": false
    },
    "files": {
        "src/meridian/edn2python.py": {
            "executed_lines": [
                3,
                4,
                5,
                6,
                7,
                8,
                10,
                75,
                88,
                95
            ],
            "summary": {
                "covered_lines": 9,
                "num_statements": 44,
                "percent_covered": 12.162162162162161,
                "percent_covered_display": "12",
                "missing_lines": 35,
                "excluded_lines": 6,
                "num_branches": 30,
                "num_partial_branches": 0,
                "covered_branches": 0,
                "missing_branches": 30
            },
            "missing_lines": [
                26,
                27,
                28,
                29,
                30,
                31,
                32,
                34,
                35,
                37,
                38,
                40,
                41,
                43,
                44,
                46,
                47,
                49,
                50,
                52,
                53,
                55,
                56,
                58,
                59,
                61,
                62,
                64,
                65,
                67,
                73,
                80,
                83,
                86,
                92
            ],
            "excluded_lines": [
                95,
                97,
                109,
                110,
                113,
                114
            ],
            "executed_branches": [],
            "missing_branches": [
                [
                    26,
                    27
                ],
                [
                    26,
                    28
                ],
                [
                    28,
                    29
                ],
                [
                    28,
                    30
                ],
                [
                    30,
                    31
                ],
                [
                    30,
                    32
                ],
                [
                    32,
                    34
                ],
                [
                    32,
                    35
                ],
                [
                    35,
                    37
                ],
                [
                    35,
                    38
                ],
                [
                    38,
                    40
                ],
                [
                    38,
                    41
                ],
                [
                    41,
                    43
                ],
                [
                    41,
                    44
                ],
                [
                    44,
                    46
                ],
                [
                    44,
                    47
                ],
                [
                    47,
                    49
                ],
                [
                    47,
                    50
                ],
                [
                    50,
                    52
                ],
                [
                    50,
                    53
                ],
                [
                    53,
                    55
                ],
                [
                    53,
                    56
                ],
                [
                    56,
                    58
                ],
                [
                    56,
                    59
                ],
                [
                    59,
                    61
                ],
                [
                    59,
                    62
                ],
                [
                    62,
                    64
                ],
                [
                    62,
                    65
                ],
                [
                    65,
                    67
                ],
                [
                    65,
                    73
                ]
            ],
            "functions": {
                "edn_to_python": {
                    "executed_lines": [],
                    "summary": {
                        "covered_lines": 0,
                        "num_statements": 31,
                        "percent_covered": 0.0,
                        "percent_covered_display": "0",
                        "missing_lines": 31,
                        "excluded_lines": 0,
                        "num_branches": 30,
                        "num_partial_branches": 0,
                        "covered_branches": 0,
                        "missing_branches": 30
                    },
                    "missing_lines": [
                        26,
                        27,
                        28,
                        29,
                        30,
                        31,
                        32,
                        34,
                        35,
                        37,
                        38,
                        40,
                        41,
                        43,
                        44,
                        46,
                        47,
                        49,
                        50,
                        52,
                        53,
                        55,
                        56,
                        58,
                        59,
                        61,
                        62,
                        64,
                        65,
                        67,
                        73
                    ],
                    "excluded_lines": [],
                    "executed_branches": [],
                    "missing_branches": [
                        [
                            26,
                            27
                        ],
                        [
                            26,
                            28
                        ],
                        [
                            28,
                            29
                        ],
                        [
                            28,
                            30
                        ],
                        [
                            30,
                            31
                        ],
                        [
                            30,
                            32
                        ],
                        [
                            32,
                            34
                        ],
                        [
                            32,
                            35
                        ],
                        [
                            35,
                            37
                        ],
                        [
                            35,
                            38
                        ],
                        [
                            38,
                            40
                        ],
                        [
                            38,
                            41
                        ],
                        [
                            41,
                            43
                        ],
                        [
                            41,
                            44
                        ],
                        [
                            44,
                            46
                        ],
                        [
                            44,
                            47
                        ],
                        [
                            47,
                            49
                        ],
                        [
                            47,
                            50
                        ],
                        [
                            50,
                            52
                        ],
                        [
                            50,
                            53
                        ],
                        [
                            53,
                            55
                        ],
                        [
                            53,
                            56
                        ],
                        [
                            56,
                            58
                        ],
                        [
                            56,
                            59
                        ],
                        [
                            59,
                            61
                        ],
                        [
                            59,
                            62
                        ],
                        [
                            62,
                            64
                        ],
                        [
                            62,
                            65
                        ],
                        [
                            65,
                            67
                        ],
                        [
                            65,
                            73
                        ]
                    ]
                },
                "edn_string_to_json": {
                    "executed_lines": [],
                    "summary": {
                        "covered_lines": 0,
                        "num_statements": 3,
                        "percent_covered": 0.0,
                        "percent_covered_display": "0",
                        "missing_lines": 3,
                        "excluded_lines": 0,
                        "num_branches": 0,
                        "num_partial_branches": 0,
                        "covered_branches": 0,
                        "missing_branches": 0
                    },
                    "missing_lines": [
                        80,
                        83,
                        86
                    ],
                    "excluded_lines": [],
                    "executed_branches": [],
                    "missing_branches": []
                },
                "edn_to_json_object": {
                    "executed_lines": [],
                    "summary": {
                        "covered_lines": 0,
                        "num_statements": 1,
                        "percent_covered": 0.0,
                        "percent_covered_display": "0",
                        "missing_lines": 1,
                        "excluded_lines": 0,
                        "num_branches": 0,
                        "num_partial_branches": 0,
                        "covered_branches": 0,
                        "missing_branches": 0
                    },
                    "missing_lines": [
                        92
                    ],
                    "excluded_lines": [],
                    "executed_branches": [],
                    "missing_branches": []
                },
                "": {
                    "executed_lines": [
                        3,
                        4,
                        5,
                        6,
                        7,
                        8,
                        10,
                        75,
                        88,
                        95
                    ],
                    "summary": {
                        "covered_lines": 9,
                        "num_statements": 9,
                        "percent_covered": 100.0,
                        "percent_covered_display": "100",
                        "missing_lines": 0,
                        "excluded_lines": 6,
                        "num_branches": 0,
                        "num_partial_branches": 0,
                        "covered_branches": 0,
                        "missing_branches": 0
                    },
                    "missing_lines": [],
                    "excluded_lines": [
                        95,
                        97,
                        109,
                        110,
                        113,
                        114
                    ],
                    "executed_branches": [],
                    "missing_branches": []
                }
            },
            "classes": {
                "": {
                    "executed_lines": [
                        3,
                        4,
                        5,
                        6,
                        7,
                        8,
                        10,
                        75,
                        88,
                        95
                    ],
                    "summary": {
                        "covered_lines": 9,
                        "num_statements": 44,
                        "percent_covered": 12.162162162162161,
                        "percent_covered_display": "12",
                        "missing_lines": 35,
                        "excluded_lines": 6,
                        "num_branches": 30,
                        "num_partial_branches": 0,
                        "covered_branches": 0,
                        "missing_branches": 30
                    },
                    "missing_lines": [
                        26,
                        27,
                        28,
                        29,
                        30,
                        31,
                        32,
                        34,
                        35,
                        37,
                        38,
                        40,
                        41,
                        43,
                        44,
                        46,
                        47,
                        49,
                        50,
                        52,
                        53,
                        55,
                        56,
                        58,
                        59,
                        61,
                        62,
                        64,
                        65,
                        67,
                        73,
                        80,
                        83,
                        86,
                        92
                    ],
                    "excluded_lines": [
                        95,
                        97,
                        109,
                        110,
                        113,
                        114
                    ],
                    "executed_branches": [],
                    "missing_branches": [
                        [
                            26,
                            27
                        ],
                        [
                            26,
                            28
                        ],
                        [
                            28,
                            29
                        ],
                        [
                            28,
                            30
                        ],
                        [
                            30,
                            31
                        ],
                        [
                            30,
                            32
                        ],
                        [
                            32,
                            34
                        ],
                        [
                            32,
                            35
                        ],
                        [
                            35,
                            37
                        ],
                        [
                            35,
                            38
                        ],
                        [
                            38,
                            40
                        ],
                        [
                            38,
                            41
                        ],
                        [
                            41,
                            43
                        ],
                        [
                            41,
                            44
                        ],
                        [
                            44,
                            46
                        ],
                        [
                            44,
                            47
                        ],
                        [
                            47,
                            49
                        ],
                        [
                            47,
                            50
                        ],
                        [
                            50,
                            52
                        ],
                        [
                            50,
                            53
                        ],
                        [
                            53,
                            55
                        ],
                        [
                            53,
                            56
                        ],
                        [
                            56,
                            58
                        ],
                        [
                            56,
                            59
                        ],
                        [
                            59,
                            61
                        ],
                        [
                            59,
                            62
                        ],
                        [
                            62,
                            64
                        ],
                        [
                            62,
                            65
                        ],
                        [
                            65,
                            67
                        ],
                        [
                            65,
                            73
                        ]
                    ]
                }
            }
        },
        "src/meridian/message_format.py": {
            "executed_lines": [
                2,
                5,
                6,
                7,
                8,
                9,
                11,
                14,
                15,
                17,
                20,
                24,
                27,
                28,
                30,
                51,
                81,
                173
            ],
            "summary": {
                "covered_lines": 17,
                "num_statements": 82,
                "percent_covered": 14.912280701754385,
                "percent_covered_display": "15",
                "missing_lines": 65,
                "excluded_lines": 0,
                "num_branches": 32,
                "num_partial_branches": 0,
                "covered_branches": 0,
                "missing_branches": 32
            },
            "missing_lines": [
                41,
                42,
                43,
                45,
                47,
                48,
                61,
                62,
                63,
                64,
                65,
                66,
                67,
                68,
                69,
                71,
                72,
                73,
                74,
                75,
                76,
                78,
                92,
                93,
                94,
                95,
                97,
                101,
                102,
                125,
                126,
                127,
                128,
                130,
                133,
                134,
                137,
                139,
                140,
                141,
                145,
                146,
                148,
                150,
                151,
                152,
                153,
                155,
                157,
                158,
                159,
                160,
                175,
                176,
                177,
                178,
                179,
                180,
                181,
                182,
                183,
                184,
                185,
                189,
                191
            ],
            "excluded_lines": [],
            "executed_branches": [],
            "missing_branches": [
                [
                    41,
                    42
                ],
                [
                    41,
                    43
                ],
                [
                    43,
                    45
                ],
                [
                    43,
                    47
                ],
                [
                    61,
                    62
                ],
                [
                    61,
                    66
                ],
                [
                    63,
                    64
                ],
                [
                    63,
                    65
                ],
                [
                    66,
                    67
                ],
                [
                    66,
                    69
                ],
                [
                    69,
                    71
                ],
                [
                    69,
                    73
                ],
                [
                    73,
                    74
                ],
                [
                    73,
                    75
                ],
                [
                    75,
                    76
                ],
                [
                    75,
                    78
                ],
                [
                    93,
                    94
                ],
                [
                    93,
                    95
                ],
                [
                    95,
                    97
                ],
                [
                    95,
                    157
                ],
                [
                    145,
                    146
                ],
                [
                    145,
                    155
                ],
                [
                    175,
                    176
                ],
                [
                    175,
                    177
                ],
                [
                    177,
                    178
                ],
                [
                    177,
                    183
                ],
                [
                    179,
                    180
                ],
                [
                    179,
                    182
                ],
                [
                    183,
                    184
                ],
                [
                    183,
                    185
                ],
                [
                    185,
                    189
                ],
                [
                    185,
                    191
                ]
            ],
            "functions": {
                "serialize_message": {
                    "executed_lines": [],
                    "summary": {
                        "covered_lines": 0,
                        "num_statements": 6,
                        "percent_covered": 0.0,
                        "percent_covered_display": "0",
                        "missing_lines": 6,
                        "excluded_lines": 0,
                        "num_branches": 4,
                        "num_partial_branches": 0,
                        "covered_branches": 0,
                        "missing_branches": 4
                    },
                    "missing_lines": [
                        41,
                        42,
                        43,
                        45,
                        47,
                        48
                    ],
                    "excluded_lines": [],
                    "executed_branches": [],
                    "missing_branches": [
                        [
                            41,
                            42
                        ],
                        [
                            41,
                            43
                        ],
                        [
                            43,
                            45
                        ],
                        [
                            43,
                            47
                        ]
                    ]
                },
                "dict_to_edn_str": {
                    "executed_lines": [],
                    "summary": {
                        "covered_lines": 0,
                        "num_statements": 16,
                        "percent_covered": 0.0,
                        "percent_covered_display": "0",
                        "missing_lines": 16,
                        "excluded_lines": 0,
                        "num_branches": 12,
                        "num_partial_branches": 0,
                        "covered_branches": 0,
                        "missing_branches": 12
                    },
                    "missing_lines": [
                        61,
                        62,
                        63,
                        64,
                        65,
                        66,
                        67,
                        68,
                        69,
                        71,
                        72,
                        73,
                        74,
                        75,
                        76,
                        78
                    ],
                    "excluded_lines": [],
                    "executed_branches": [],
                    "missing_branches": [
                        [
                            61,
                            62
                        ],
                        [
                            61,
                            66
                        ],
                        [
                            63,
                            64
                        ],
                        [
                            63,
                            65
                        ],
                        [
                            66,
                            67
                        ],
                        [
                            66,
                            69
                        ],
                        [
                            69,
                            71
                        ],
                        [
                            69,
                            73
                        ],
                        [
                            73,
                            74
                        ],
                        [
                            73,
                            75
                        ],
                        [
                            75,
                            76
                        ],
                        [
                            75,
                            78
                        ]
                    ]
                },
                "deserialize_message": {
                    "executed_lines": [],
                    "summary": {
                        "covered_lines": 0,
                        "num_statements": 30,
                        "percent_covered": 0.0,
                        "percent_covered_display": "0",
                        "missing_lines": 30,
                        "excluded_lines": 0,
                        "num_branches": 6,
                        "num_partial_branches": 0,
                        "covered_branches": 0,
                        "missing_branches": 6
                    },
                    "missing_lines": [
                        92,
                        93,
                        94,
                        95,
                        97,
                        101,
                        102,
                        125,
                        126,
                        127,
                        128,
                        130,
                        133,
                        134,
                        137,
                        139,
                        140,
                        141,
                        145,
                        146,
                        148,
                        150,
                        151,
                        152,
                        153,
                        155,
                        157,
                        158,
                        159,
                        160
                    ],
                    "excluded_lines": [],
                    "executed_branches": [],
                    "missing_branches": [
                        [
                            93,
                            94
                        ],
                        [
                            93,
                            95
                        ],
                        [
                            95,
                            97
                        ],
                        [
                            95,
                            157
                        ],
                        [
                            145,
                            146
                        ],
                        [
                            145,
                            155
                        ]
                    ]
                },
                "edn_to_dict": {
                    "executed_lines": [],
                    "summary": {
                        "covered_lines": 0,
                        "num_statements": 13,
                        "percent_covered": 0.0,
                        "percent_covered_display": "0",
                        "missing_lines": 13,
                        "excluded_lines": 0,
                        "num_branches": 10,
                        "num_partial_branches": 0,
                        "covered_branches": 0,
                        "missing_branches": 10
                    },
                    "missing_lines": [
                        175,
                        176,
                        177,
                        178,
                        179,
                        180,
                        181,
                        182,
                        183,
                        184,
                        185,
                        189,
                        191
                    ],
                    "excluded_lines": [],
                    "executed_branches": [],
                    "missing_branches": [
                        [
                            175,
                            176
                        ],
                        [
                            175,
                            177
                        ],
                        [
                            177,
                            178
                        ],
                        [
                            177,
                            183
                        ],
                        [
                            179,
                            180
                        ],
                        [
                            179,
                            182
                        ],
                        [
                            183,
                            184
                        ],
                        [
                            183,
                            185
                        ],
                        [
                            185,
                            189
                        ],
                        [
                            185,
                            191
                        ]
                    ]
                },
                "": {
                    "executed_lines": [
                        2,
                        5,
                        6,
                        7,
                        8,
                        9,
                        11,
                        14,
                        15,
                        17,
                        20,
                        24,
                        27,
                        28,
                        30,
                        51,
                        81,
                        173
                    ],
                    "summary": {
                        "covered_lines": 17,
                        "num_statements": 17,
                        "percent_covered": 100.0,
                        "percent_covered_display": "100",
                        "missing_lines": 0,
                        "excluded_lines": 0,
                        "num_branches": 0,
                        "num_partial_branches": 0,
                        "covered_branches": 0,
                        "missing_branches": 0
                    },
                    "missing_lines": [],
                    "excluded_lines": [],
                    "executed_branches": [],
                    "missing_branches": []
                }
            },
            "classes": {
                "": {
                    "executed_lines": [
                        2,
                        5,
                        6,
                        7,
                        8,
                        9,
                        11,
                        14,
                        15,
                        17,
                        20,
                        24,
                        27,
                        28,
                        30,
                        51,
                        81,
                        173
                    ],
                    "summary": {
                        "covered_lines": 17,
                        "num_statements": 82,
                        "percent_covered": 14.912280701754385,
                        "percent_covered_display": "15",
                        "missing_lines": 65,
                        "excluded_lines": 0,
                        "num_branches": 32,
                        "num_partial_branches": 0,
                        "covered_branches": 0,
                        "missing_branches": 32
                    },
                    "missing_lines": [
                        41,
                        42,
                        43,
                        45,
                        47,
                        48,
                        61,
                        62,
                        63,
                        64,
                        65,
                        66,
                        67,
                        68,
                        69,
                        71,
                        72,
                        73,
                        74,
                        75,
                        76,
                        78,
                        92,
                        93,
                        94,
                        95,
                        97,
                        101,
                        102,
                        125,
                        126,
                        127,
                        128,
                        130,
                        133,
                        134,
                        137,
                        139,
                        140,
                        141,
                        145,
                        146,
                        148,
                        150,
                        151,
                        152,
                        153,
                        155,
                        157,
                        158,
                        159,
                        160,
                        175,
                        176,
                        177,
                        178,
                        179,
                        180,
                        181,
                        182,
                        183,
                        184,
                        185,
                        189,
                        191
                    ],
                    "excluded_lines": [],
                    "executed_branches": [],
                    "missing_branches": [
                        [
                            41,
                            42
                        ],
                        [
                            41,
                            43
                        ],
                        [
                            43,
                            45
                        ],
                        [
                            43,
                            47
                        ],
                        [
                            61,
                            62
                        ],
                        [
                            61,
                            66
                        ],
                        [
                            63,
                            64
                        ],
                        [
                            63,
                            65
                        ],
                        [
                            66,
                            67
                        ],
                        [
                            66,
                            69
                        ],
                        [
                            69,
                            71
                        ],
                        [
                            69,
                            73
                        ],
                        [
                            73,
                            74
                        ],
                        [
                            73,
                            75
                        ],
                        [
                            75,
                            76
                        ],
                        [
                            75,
                            78
                        ],
                        [
                            93,
                            94
                        ],
                        [
                            93,
                            95
                        ],
                        [
                            95,
                            97
                        ],
                        [
                            95,
                            157
                        ],
                        [
                            145,
                            146
                        ],
                        [
                            145,
                            155
                        ],
                        [
                            175,
                            176
                        ],
                        [
                            175,
                            177
                        ],
                        [
                            177,
                            178
                        ],
                        [
                            177,
                            183
                        ],
                        [
                            179,
                            180
                        ],
                        [
                            179,
                            182
                        ],
                        [
                            183,
                            184
                        ],
                        [
                            183,
                            185
                        ],
                        [
                            185,
                            189
                        ],
                        [
                            185,
                            191
                        ]
                    ]
                }
            }
        },
        "src/meridian/server.py": {
            "executed_lines": [
                3,
                7,
                8,
                9,
                10,
                11,
                12,
                13,
                15,
                16,
                17,
                19,
                22,
                26,
                29,
                32,
                35,
                37,
                38,
                39,
                40,
                41,
                44,
                45,
                46,
                47,
                48,
                51,
                52,
                54,
                55,
                56,
                58,
                69,
                75,
                77,
                78,
                80,
                84,
                93,
                97,
                121,
                156,
                165,
                181,
                193,
                220,
                231,
                241,
                260,
                261,
                268,
                269,
                274,
                275,
                407,
                408,
                411
            ],
            "summary": {
                "covered_lines": 53,
                "num_statements": 168,
                "percent_covered": 27.31958762886598,
                "percent_covered_display": "27",
                "missing_lines": 115,
                "excluded_lines": 8,
                "num_branches": 26,
                "num_partial_branches": 0,
                "covered_branches": 0,
                "missing_branches": 26
            },
            "missing_lines": [
                60,
                61,
                67,
                71,
                72,
                73,
                82,
                86,
                87,
                89,
                90,
                91,
                95,
                99,
                100,
                101,
                103,
                104,
                105,
                108,
                109,
                112,
                114,
                115,
                116,
                117,
                118,
                119,
                123,
                126,
                127,
                129,
                130,
                135,
                136,
                137,
                143,
                148,
                149,
                150,
                151,
                153,
                159,
                167,
                168,
                183,
                184,
                186,
                195,
                196,
                197,
                199,
                202,
                213,
                222,
                223,
                233,
                234,
                235,
                236,
                237,
                243,
                244,
                245,
                254,
                255,
                257,
                263,
                264,
                265,
                271,
                285,
                288,
                291,
                294,
                296,
                299,
                310,
                312,
                314,
                316,
                318,
                319,
                321,
                322,
                323,
                330,
                333,
                336,
                339,
                340,
                343,
                345,
                348,
                350,
                351,
                352,
                353,
                356,
                357,
                358,
                363,
                367,
                368,
                371,
                374,
                375,
                382,
                383,
                390,
                391,
                392,
                400,
                402,
                403
            ],
            "excluded_lines": [
                411,
                412,
                414,
                415,
                416,
                417,
                419,
                420
            ],
            "executed_branches": [],
            "missing_branches": [
                [
                    71,
                    -69
                ],
                [
                    71,
                    72
                ],
                [
                    86,
                    87
                ],
                [
                    86,
                    91
                ],
                [
                    99,
                    100
                ],
                [
                    99,
                    103
                ],
                [
                    108,
                    109
                ],
                [
                    108,
                    112
                ],
                [
                    126,
                    127
                ],
                [
                    126,
                    129
                ],
                [
                    135,
                    136
                ],
                [
                    135,
                    153
                ],
                [
                    321,
                    322
                ],
                [
                    321,
                    333
                ],
                [
                    339,
                    340
                ],
                [
                    339,
                    343
                ],
                [
                    348,
                    350
                ],
                [
                    348,
                    356
                ],
                [
                    351,
                    352
                ],
                [
                    351,
                    356
                ],
                [
                    356,
                    357
                ],
                [
                    356,
                    367
                ],
                [
                    367,
                    368
                ],
                [
                    367,
                    382
                ],
                [
                    374,
                    312
                ],
                [
                    374,
                    375
                ]
            ],
            "functions": {
                "WebSocketServer.__init__": {
                    "executed_lines": [
                        55,
                        56
                    ],
                    "summary": {
                        "covered_lines": 2,
                        "num_statements": 2,
                        "percent_covered": 100.0,
                        "percent_covered_display": "100",
                        "missing_lines": 0,
                        "excluded_lines": 0,
                        "num_branches": 0,
                        "num_partial_branches": 0,
                        "covered_branches": 0,
                        "missing_branches": 0
                    },
                    "missing_lines": [],
                    "excluded_lines": [],
                    "executed_branches": [],
                    "missing_branches": []
                },
                "WebSocketServer.add_client": {
                    "executed_lines": [],
                    "summary": {
                        "covered_lines": 0,
                        "num_statements": 3,
                        "percent_covered": 0.0,
                        "percent_covered_display": "0",
                        "missing_lines": 3,
                        "excluded_lines": 0,
                        "num_branches": 0,
                        "num_partial_branches": 0,
                        "covered_branches": 0,
                        "missing_branches": 0
                    },
                    "missing_lines": [
                        60,
                        61,
                        67
                    ],
                    "excluded_lines": [],
                    "executed_branches": [],
                    "missing_branches": []
                },
                "WebSocketServer.remove_client": {
                    "executed_lines": [],
                    "summary": {
                        "covered_lines": 0,
                        "num_statements": 3,
                        "percent_covered": 0.0,
                        "percent_covered_display": "0",
                        "missing_lines": 3,
                        "excluded_lines": 0,
                        "num_branches": 2,
                        "num_partial_branches": 0,
                        "covered_branches": 0,
                        "missing_branches": 2
                    },
                    "missing_lines": [
                        71,
                        72,
                        73
                    ],
                    "excluded_lines": [],
                    "executed_branches": [],
                    "missing_branches": [
                        [
                            71,
                            -69
                        ],
                        [
                            71,
                            72
                        ]
                    ]
                },
                "WebSocketServer.register_handler": {
                    "executed_lines": [
                        77,
                        78
                    ],
                    "summary": {
                        "covered_lines": 2,
                        "num_statements": 2,
                        "percent_covered": 100.0,
                        "percent_covered_display": "100",
                        "missing_lines": 0,
                        "excluded_lines": 0,
                        "num_branches": 0,
                        "num_partial_branches": 0,
                        "covered_branches": 0,
                        "missing_branches": 0
                    },
                    "missing_lines": [],
                    "excluded_lines": [],
                    "executed_branches": [],
                    "missing_branches": []
                },
                "WebSocketServer.get_client_ids": {
                    "executed_lines": [],
                    "summary": {
                        "covered_lines": 0,
                        "num_statements": 1,
                        "percent_covered": 0.0,
                        "percent_covered_display": "0",
                        "missing_lines": 1,
                        "excluded_lines": 0,
                        "num_branches": 0,
                        "num_partial_branches": 0,
                        "covered_branches": 0,
                        "missing_branches": 0
                    },
                    "missing_lines": [
                        82
                    ],
                    "excluded_lines": [],
                    "executed_branches": [],
                    "missing_branches": []
                },
                "WebSocketServer.get_client_info": {
                    "executed_lines": [],
                    "summary": {
                        "covered_lines": 0,
                        "num_statements": 5,
                        "percent_covered": 0.0,
                        "percent_covered_display": "0",
                        "missing_lines": 5,
                        "excluded_lines": 0,
                        "num_branches": 2,
                        "num_partial_branches": 0,
                        "covered_branches": 0,
                        "missing_branches": 2
                    },
                    "missing_lines": [
                        86,
                        87,
                        89,
                        90,
                        91
                    ],
                    "excluded_lines": [],
                    "executed_branches": [],
                    "missing_branches": [
                        [
                            86,
                            87
                        ],
                        [
                            86,
                            91
                        ]
                    ]
                },
                "WebSocketServer.count_connected_clients": {
                    "executed_lines": [],
                    "summary": {
                        "covered_lines": 0,
                        "num_statements": 1,
                        "percent_covered": 0.0,
                        "percent_covered_display": "0",
                        "missing_lines": 1,
                        "excluded_lines": 0,
                        "num_branches": 0,
                        "num_partial_branches": 0,
                        "covered_branches": 0,
                        "missing_branches": 0
                    },
                    "missing_lines": [
                        95
                    ],
                    "excluded_lines": [],
                    "executed_branches": [],
                    "missing_branches": []
                },
                "WebSocketServer.send": {
                    "executed_lines": [],
                    "summary": {
                        "covered_lines": 0,
                        "num_statements": 15,
                        "percent_covered": 0.0,
                        "percent_covered_display": "0",
                        "missing_lines": 15,
                        "excluded_lines": 0,
                        "num_branches": 4,
                        "num_partial_branches": 0,
                        "covered_branches": 0,
                        "missing_branches": 4
                    },
                    "missing_lines": [
                        99,
                        100,
                        101,
                        103,
                        104,
                        105,
                        108,
                        109,
                        112,
                        114,
                        115,
                        116,
                        117,
                        118,
                        119
                    ],
                    "excluded_lines": [],
                    "executed_branches": [],
                    "missing_branches": [
                        [
                            99,
                            100
                        ],
                        [
                            99,
                            103
                        ],
                        [
                            108,
                            109
                        ],
                        [
                            108,
                            112
                        ]
                    ]
                },
                "WebSocketServer.broadcast": {
                    "executed_lines": [],
                    "summary": {
                        "covered_lines": 0,
                        "num_statements": 14,
                        "percent_covered": 0.0,
                        "percent_covered_display": "0",
                        "missing_lines": 14,
                        "excluded_lines": 0,
                        "num_branches": 4,
                        "num_partial_branches": 0,
                        "covered_branches": 0,
                        "missing_branches": 4
                    },
                    "missing_lines": [
                        123,
                        126,
                        127,
                        129,
                        130,
                        135,
                        136,
                        137,
                        143,
                        148,
                        149,
                        150,
                        151,
                        153
                    ],
                    "excluded_lines": [],
                    "executed_branches": [],
                    "missing_branches": [
                        [
                            126,
                            127
                        ],
                        [
                            126,
                            129
                        ],
                        [
                            135,
                            136
                        ],
                        [
                            135,
                            153
                        ]
                    ]
                },
                "handle_ping": {
                    "executed_lines": [],
                    "summary": {
                        "covered_lines": 0,
                        "num_statements": 1,
                        "percent_covered": 0.0,
                        "percent_covered_display": "0",
                        "missing_lines": 1,
                        "excluded_lines": 0,
                        "num_branches": 0,
                        "num_partial_branches": 0,
                        "covered_branches": 0,
                        "missing_branches": 0
                    },
                    "missing_lines": [
                        159
                    ],
                    "excluded_lines": [],
                    "executed_branches": [],
                    "missing_branches": []
                },
                "handle_status": {
                    "executed_lines": [],
                    "summary": {
                        "covered_lines": 0,
                        "num_statements": 2,
                        "percent_covered": 0.0,
                        "percent_covered_display": "0",
                        "missing_lines": 2,
                        "excluded_lines": 0,
                        "num_branches": 0,
                        "num_partial_branches": 0,
                        "covered_branches": 0,
                        "missing_branches": 0
                    },
                    "missing_lines": [
                        167,
                        168
                    ],
                    "excluded_lines": [],
                    "executed_branches": [],
                    "missing_branches": []
                },
                "handle_sync_files": {
                    "executed_lines": [],
                    "summary": {
                        "covered_lines": 0,
                        "num_statements": 3,
                        "percent_covered": 0.0,
                        "percent_covered_display": "0",
                        "missing_lines": 3,
                        "excluded_lines": 0,
                        "num_branches": 0,
                        "num_partial_branches": 0,
                        "covered_branches": 0,
                        "missing_branches": 0
                    },
                    "missing_lines": [
                        183,
                        184,
                        186
                    ],
                    "excluded_lines": [],
                    "executed_branches": [],
                    "missing_branches": []
                },
                "handle_request_broadcast": {
                    "executed_lines": [],
                    "summary": {
                        "covered_lines": 0,
                        "num_statements": 6,
                        "percent_covered": 0.0,
                        "percent_covered_display": "0",
                        "missing_lines": 6,
                        "excluded_lines": 0,
                        "num_branches": 0,
                        "num_partial_branches": 0,
                        "covered_branches": 0,
                        "missing_branches": 0
                    },
                    "missing_lines": [
                        195,
                        196,
                        197,
                        199,
                        202,
                        213
                    ],
                    "excluded_lines": [],
                    "executed_branches": [],
                    "missing_branches": []
                },
                "handle_test_multimethod": {
                    "executed_lines": [],
                    "summary": {
                        "covered_lines": 0,
                        "num_statements": 2,
                        "percent_covered": 0.0,
                        "percent_covered_display": "0",
                        "missing_lines": 2,
                        "excluded_lines": 0,
                        "num_branches": 0,
                        "num_partial_branches": 0,
                        "covered_branches": 0,
                        "missing_branches": 0
                    },
                    "missing_lines": [
                        222,
                        223
                    ],
                    "excluded_lines": [],
                    "executed_branches": [],
                    "missing_branches": []
                },
                "register_handlers": {
                    "executed_lines": [],
                    "summary": {
                        "covered_lines": 0,
                        "num_statements": 5,
                        "percent_covered": 0.0,
                        "percent_covered_display": "0",
                        "missing_lines": 5,
                        "excluded_lines": 0,
                        "num_branches": 0,
                        "num_partial_branches": 0,
                        "covered_branches": 0,
                        "missing_branches": 0
                    },
                    "missing_lines": [
                        233,
                        234,
                        235,
                        236,
                        237
                    ],
                    "excluded_lines": [],
                    "executed_branches": [],
                    "missing_branches": []
                },
                "send_heartbeat": {
                    "executed_lines": [],
                    "summary": {
                        "covered_lines": 0,
                        "num_statements": 6,
                        "percent_covered": 0.0,
                        "percent_covered_display": "0",
                        "missing_lines": 6,
                        "excluded_lines": 0,
                        "num_branches": 0,
                        "num_partial_branches": 0,
                        "covered_branches": 0,
                        "missing_branches": 0
                    },
                    "missing_lines": [
                        243,
                        244,
                        245,
                        254,
                        255,
                        257
                    ],
                    "excluded_lines": [],
                    "executed_branches": [],
                    "missing_branches": []
                },
                "startup": {
                    "executed_lines": [],
                    "summary": {
                        "covered_lines": 0,
                        "num_statements": 3,
                        "percent_covered": 0.0,
                        "percent_covered_display": "0",
                        "missing_lines": 3,
                        "excluded_lines": 0,
                        "num_branches": 0,
                        "num_partial_branches": 0,
                        "covered_branches": 0,
                        "missing_branches": 0
                    },
                    "missing_lines": [
                        263,
                        264,
                        265
                    ],
                    "excluded_lines": [],
                    "executed_branches": [],
                    "missing_branches": []
                },
                "shutdown": {
                    "executed_lines": [],
                    "summary": {
                        "covered_lines": 0,
                        "num_statements": 1,
                        "percent_covered": 0.0,
                        "percent_covered_display": "0",
                        "missing_lines": 1,
                        "excluded_lines": 0,
                        "num_branches": 0,
                        "num_partial_branches": 0,
                        "covered_branches": 0,
                        "missing_branches": 0
                    },
                    "missing_lines": [
                        271
                    ],
                    "excluded_lines": [],
                    "executed_branches": [],
                    "missing_branches": []
                },
                "websocket_endpoint": {
                    "executed_lines": [],
                    "summary": {
                        "covered_lines": 0,
                        "num_statements": 44,
                        "percent_covered": 0.0,
                        "percent_covered_display": "0",
                        "missing_lines": 44,
                        "excluded_lines": 0,
                        "num_branches": 14,
                        "num_partial_branches": 0,
                        "covered_branches": 0,
                        "missing_branches": 14
                    },
                    "missing_lines": [
                        285,
                        288,
                        291,
                        294,
                        296,
                        299,
                        310,
                        312,
                        314,
                        316,
                        318,
                        319,
                        321,
                        322,
                        323,
                        330,
                        333,
                        336,
                        339,
                        340,
                        343,
                        345,
                        348,
                        350,
                        351,
                        352,
                        353,
                        356,
                        357,
                        358,
                        363,
                        367,
                        368,
                        371,
                        374,
                        375,
                        382,
                        383,
                        390,
                        391,
                        392,
                        400,
                        402,
                        403
                    ],
                    "excluded_lines": [],
                    "executed_branches": [],
                    "missing_branches": [
                        [
                            321,
                            322
                        ],
                        [
                            321,
                            333
                        ],
                        [
                            339,
                            340
                        ],
                        [
                            339,
                            343
                        ],
                        [
                            348,
                            350
                        ],
                        [
                            348,
                            356
                        ],
                        [
                            351,
                            352
                        ],
                        [
                            351,
                            356
                        ],
                        [
                            356,
                            357
                        ],
                        [
                            356,
                            367
                        ],
                        [
                            367,
                            368
                        ],
                        [
                            367,
                            382
                        ],
                        [
                            374,
                            312
                        ],
                        [
                            374,
                            375
                        ]
                    ]
                },
                "": {
                    "executed_lines": [
                        3,
                        7,
                        8,
                        9,
                        10,
                        11,
                        12,
                        13,
                        15,
                        16,
                        17,
                        19,
                        22,
                        26,
                        29,
                        32,
                        35,
                        37,
                        38,
                        39,
                        40,
                        41,
                        44,
                        45,
                        46,
                        47,
                        48,
                        51,
                        52,
                        54,
                        58,
                        69,
                        75,
                        80,
                        84,
                        93,
                        97,
                        121,
                        156,
                        165,
                        181,
                        193,
                        220,
                        231,
                        241,
                        260,
                        261,
                        268,
                        269,
                        274,
                        275,
                        407,
                        408,
                        411
                    ],
                    "summary": {
                        "covered_lines": 49,
                        "num_statements": 49,
                        "percent_covered": 100.0,
                        "percent_covered_display": "100",
                        "missing_lines": 0,
                        "excluded_lines": 8,
                        "num_branches": 0,
                        "num_partial_branches": 0,
                        "covered_branches": 0,
                        "missing_branches": 0
                    },
                    "missing_lines": [],
                    "excluded_lines": [
                        411,
                        412,
                        414,
                        415,
                        416,
                        417,
                        419,
                        420
                    ],
                    "executed_branches": [],
                    "missing_branches": []
                }
            },
            "classes": {
                "WebSocketMessage": {
                    "executed_lines": [],
                    "summary": {
                        "covered_lines": 0,
                        "num_statements": 0,
                        "percent_covered": 100.0,
                        "percent_covered_display": "100",
                        "missing_lines": 0,
                        "excluded_lines": 0,
                        "num_branches": 0,
                        "num_partial_branches": 0,
                        "covered_branches": 0,
                        "missing_branches": 0
                    },
                    "missing_lines": [],
                    "excluded_lines": [],
                    "executed_branches": [],
                    "missing_branches": []
                },
                "WebSocketResponse": {
                    "executed_lines": [],
                    "summary": {
                        "covered_lines": 0,
                        "num_statements": 0,
                        "percent_covered": 100.0,
                        "percent_covered_display": "100",
                        "missing_lines": 0,
                        "excluded_lines": 0,
                        "num_branches": 0,
                        "num_partial_branches": 0,
                        "covered_branches": 0,
                        "missing_branches": 0
                    },
                    "missing_lines": [],
                    "excluded_lines": [],
                    "executed_branches": [],
                    "missing_branches": []
                },
                "WebSocketServer": {
                    "executed_lines": [
                        55,
                        56,
                        77,
                        78
                    ],
                    "summary": {
                        "covered_lines": 4,
                        "num_statements": 46,
                        "percent_covered": 6.896551724137931,
                        "percent_covered_display": "7",
                        "missing_lines": 42,
                        "excluded_lines": 0,
                        "num_branches": 12,
                        "num_partial_branches": 0,
                        "covered_branches": 0,
                        "missing_branches": 12
                    },
                    "missing_lines": [
                        60,
                        61,
                        67,
                        71,
                        72,
                        73,
                        82,
                        86,
                        87,
                        89,
                        90,
                        91,
                        95,
                        99,
                        100,
                        101,
                        103,
                        104,
                        105,
                        108,
                        109,
                        112,
                        114,
                        115,
                        116,
                        117,
                        118,
                        119,
                        123,
                        126,
                        127,
                        129,
                        130,
                        135,
                        136,
                        137,
                        143,
                        148,
                        149,
                        150,
                        151,
                        153
                    ],
                    "excluded_lines": [],
                    "executed_branches": [],
                    "missing_branches": [
                        [
                            71,
                            -69
                        ],
                        [
                            71,
                            72
                        ],
                        [
                            86,
                            87
                        ],
                        [
                            86,
                            91
                        ],
                        [
                            99,
                            100
                        ],
                        [
                            99,
                            103
                        ],
                        [
                            108,
                            109
                        ],
                        [
                            108,
                            112
                        ],
                        [
                            126,
                            127
                        ],
                        [
                            126,
                            129
                        ],
                        [
                            135,
                            136
                        ],
                        [
                            135,
                            153
                        ]
                    ]
                },
                "": {
                    "executed_lines": [
                        3,
                        7,
                        8,
                        9,
                        10,
                        11,
                        12,
                        13,
                        15,
                        16,
                        17,
                        19,
                        22,
                        26,
                        29,
                        32,
                        35,
                        37,
                        38,
                        39,
                        40,
                        41,
                        44,
                        45,
                        46,
                        47,
                        48,
                        51,
                        52,
                        54,
                        58,
                        69,
                        75,
                        80,
                        84,
                        93,
                        97,
                        121,
                        156,
                        165,
                        181,
                        193,
                        220,
                        231,
                        241,
                        260,
                        261,
                        268,
                        269,
                        274,
                        275,
                        407,
                        408,
                        411
                    ],
                    "summary": {
                        "covered_lines": 49,
                        "num_statements": 122,
                        "percent_covered": 36.029411764705884,
                        "percent_covered_display": "36",
                        "missing_lines": 73,
                        "excluded_lines": 8,
                        "num_branches": 14,
                        "num_partial_branches": 0,
                        "covered_branches": 0,
                        "missing_branches": 14
                    },
                    "missing_lines": [
                        159,
                        167,
                        168,
                        183,
                        184,
[...]
                        "num_branches": 0,
                        "num_partial_branches": 0,
                        "covered_branches": 0,
                        "missing_branches": 0
                    },
                    "missing_lines": [
                        186,
                        187,
                        189
                    ],
                    "excluded_lines": [],
                    "executed_branches": [],
                    "missing_branches": []
                },
                "ClarityClientProxy._proxy_call": {
                    "executed_lines": [],
                    "summary": {
                        "covered_lines": 0,
                        "num_statements": 5,
                        "percent_covered": 0.0,
                        "percent_covered_display": "0",
                        "missing_lines": 5,
                        "excluded_lines": 0,
                        "num_branches": 0,
                        "num_partial_branches": 0,
                        "covered_branches": 0,
                        "missing_branches": 0
                    },
                    "missing_lines": [
                        193,
                        196,
                        197,
                        199,
                        200
                    ],
                    "excluded_lines": [],
                    "executed_branches": [],
                    "missing_branches": []
                },
                "ClarityClientProxy.connect": {
                    "executed_lines": [],
                    "summary": {
                        "covered_lines": 0,
                        "num_statements": 1,
                        "percent_covered": 0.0,
                        "percent_covered_display": "0",
                        "missing_lines": 1,
                        "excluded_lines": 0,
                        "num_branches": 0,
                        "num_partial_branches": 0,
                        "covered_branches": 0,
                        "missing_branches": 0
                    },
                    "missing_lines": [
                        206
                    ],
                    "excluded_lines": [],
                    "executed_branches": [],
                    "missing_branches": []
                },
                "ClarityClientProxy.disconnect": {
                    "executed_lines": [],
                    "summary": {
                        "covered_lines": 0,
                        "num_statements": 1,
                        "percent_covered": 0.0,
                        "percent_covered_display": "0",
                        "missing_lines": 1,
                        "excluded_lines": 0,
                        "num_branches": 0,
                        "num_partial_branches": 0,
                        "covered_branches": 0,
                        "missing_branches": 0
                    },
                    "missing_lines": [
                        209
                    ],
                    "excluded_lines": [],
                    "executed_branches": [],
                    "missing_branches": []
                },
                "ClarityClientProxy.process_user_input": {
                    "executed_lines": [],
                    "summary": {
                        "covered_lines": 0,
                        "num_statements": 1,
                        "percent_covered": 0.0,
                        "percent_covered_display": "0",
                        "missing_lines": 1,
                        "excluded_lines": 0,
                        "num_branches": 0,
                        "num_partial_branches": 0,
                        "covered_branches": 0,
                        "missing_branches": 0
                    },
                    "missing_lines": [
                        215
                    ],
                    "excluded_lines": [],
                    "executed_branches": [],
                    "missing_branches": []
                },
                "ClarityClientProxy.specializeKind": {
                    "executed_lines": [],
                    "summary": {
                        "covered_lines": 0,
                        "num_statements": 1,
                        "percent_covered": 0.0,
                        "percent_covered_display": "0",
                        "missing_lines": 1,
                        "excluded_lines": 0,
                        "num_branches": 0,
                        "num_partial_branches": 0,
                        "covered_branches": 0,
                        "missing_branches": 0
                    },
                    "missing_lines": [
                        218
                    ],
                    "excluded_lines": [],
                    "executed_branches": [],
                    "missing_branches": []
                },
                "ClarityClientProxy.classifyIndividual": {
                    "executed_lines": [],
                    "summary": {
                        "covered_lines": 0,
                        "num_statements": 1,
                        "percent_covered": 0.0,
                        "percent_covered_display": "0",
                        "missing_lines": 1,
                        "excluded_lines": 0,
                        "num_branches": 0,
                        "num_partial_branches": 0,
                        "covered_branches": 0,
                        "missing_branches": 0
                    },
                    "missing_lines": [
                        221
                    ],
                    "excluded_lines": [],
                    "executed_branches": [],
                    "missing_branches": []
                },
                "ClarityClientProxy.retrieveModels": {
                    "executed_lines": [],
                    "summary": {
                        "covered_lines": 0,
                        "num_statements": 1,
                        "percent_covered": 0.0,
                        "percent_covered_display": "0",
                        "missing_lines": 1,
                        "excluded_lines": 0,
                        "num_branches": 0,
                        "num_partial_branches": 0,
                        "covered_branches": 0,
                        "missing_branches": 0
                    },
                    "missing_lines": [
                        224
                    ],
                    "excluded_lines": [],
                    "executed_branches": [],
                    "missing_branches": []
                },
                "main": {
                    "executed_lines": [],
                    "summary": {
                        "covered_lines": 0,
                        "num_statements": 11,
                        "percent_covered": 0.0,
                        "percent_covered_display": "0",
                        "missing_lines": 11,
                        "excluded_lines": 0,
                        "num_branches": 2,
                        "num_partial_branches": 0,
                        "covered_branches": 0,
                        "missing_branches": 2
                    },
                    "missing_lines": [
                        229,
                        230,
                        231,
                        233,
                        234,
                        235,
                        238,
                        239,
                        241,
                        242,
                        244
                    ],
                    "excluded_lines": [],
                    "executed_branches": [],
                    "missing_branches": [
                        [
                            234,
                            235
                        ],
                        [
                            234,
                            244
                        ]
                    ]
                },
                "": {
                    "executed_lines": [],
                    "summary": {
                        "covered_lines": 0,
                        "num_statements": 34,
                        "percent_covered": 0.0,
                        "percent_covered_display": "0",
                        "missing_lines": 34,
                        "excluded_lines": 1,
                        "num_branches": 0,
                        "num_partial_branches": 0,
                        "covered_branches": 0,
                        "missing_branches": 0
                    },
                    "missing_lines": [
                        3,
                        4,
                        5,
                        6,
                        7,
                        10,
                        12,
                        15,
                        16,
                        17,
                        18,
                        20,
                        25,
                        47,
                        63,
                        69,
                        75,
                        90,
                        98,
                        107,
                        131,
                        149,
                        167,
                        181,
                        183,
                        185,
                        191,
                        204,
                        208,
                        213,
                        217,
                        220,
                        223,
                        227
                    ],
                    "excluded_lines": [
                        247
                    ],
                    "executed_branches": [],
                    "missing_branches": []
                }
            },
            "classes": {
                "ClarityClient": {
                    "executed_lines": [],
                    "summary": {
                        "covered_lines": 0,
                        "num_statements": 85,
                        "percent_covered": 0.0,
                        "percent_covered_display": "0",
                        "missing_lines": 85,
                        "excluded_lines": 0,
                        "num_branches": 24,
                        "num_partial_branches": 0,
                        "covered_branches": 0,
                        "missing_branches": 24
                    },
                    "missing_lines": [
                        26,
                        29,
                        36,
                        37,
                        40,
                        41,
                        42,
                        45,
                        50,
                        51,
                        52,
                        53,
                        55,
                        56,
                        57,
                        58,
                        60,
                        61,
                        65,
                        66,
                        67,
                        71,
                        72,
                        73,
                        77,
                        79,
                        81,
                        82,
                        83,
                        84,
                        86,
                        87,
                        88,
                        92,
                        94,
                        95,
                        96,
                        100,
                        102,
                        103,
                        104,
                        109,
                        110,
                        111,
                        112,
                        113,
                        115,
                        117,
                        118,
                        120,
                        122,
                        126,
                        127,
                        128,
                        129,
                        133,
                        134,
                        135,
                        136,
                        138,
                        139,
                        144,
                        145,
                        146,
                        147,
                        151,
                        152,
                        153,
                        154,
                        156,
                        157,
                        162,
                        163,
                        164,
                        165,
                        169,
                        170,
                        171,
                        172,
                        174,
                        175,
                        176,
                        177,
                        178,
                        179
                    ],
                    "excluded_lines": [],
                    "executed_branches": [],
                    "missing_branches": [
                        [
                            71,
                            -69
                        ],
                        [
                            71,
                            72
                        ],
                        [
                            81,
                            82
                        ],
                        [
                            81,
                            84
                        ],
                        [
                            84,
                            86
                        ],
                        [
                            84,
                            88
                        ],
                        [
                            109,
                            110
                        ],
                        [
                            109,
                            115
                        ],
                        [
                            112,
                            113
                        ],
                        [
                            112,
                            115
                        ],
                        [
                            117,
                            118
                        ],
                        [
                            117,
                            120
                        ],
                        [
                            133,
                            134
                        ],
                        [
                            133,
                            138
                        ],
                        [
                            135,
                            136
                        ],
                        [
                            135,
                            138
                        ],
                        [
                            151,
                            152
                        ],
                        [
                            151,
                            156
                        ],
                        [
                            153,
                            154
                        ],
                        [
                            153,
                            156
                        ],
                        [
                            169,
                            170
                        ],
                        [
                            169,
                            174
                        ],
                        [
                            171,
                            172
                        ],
                        [
                            171,
                            174
                        ]
                    ]
                },
                "ClarityClientProxy": {
                    "executed_lines": [],
                    "summary": {
                        "covered_lines": 0,
                        "num_statements": 14,
                        "percent_covered": 0.0,
                        "percent_covered_display": "0",
                        "missing_lines": 14,
                        "excluded_lines": 0,
                        "num_branches": 0,
                        "num_partial_branches": 0,
                        "covered_branches": 0,
                        "missing_branches": 0
                    },
                    "missing_lines": [
                        186,
                        187,
                        189,
                        193,
                        196,
                        197,
                        199,
                        200,
                        206,
                        209,
                        215,
                        218,
                        221,
                        224
                    ],
                    "excluded_lines": [],
                    "executed_branches": [],
                    "missing_branches": []
                },
                "": {
                    "executed_lines": [],
                    "summary": {
                        "covered_lines": 0,
                        "num_statements": 45,
                        "percent_covered": 0.0,
                        "percent_covered_display": "0",
                        "missing_lines": 45,
                        "excluded_lines": 1,
                        "num_branches": 2,
                        "num_partial_branches": 0,
                        "covered_branches": 0,
                        "missing_branches": 2
                    },
                    "missing_lines": [
                        3,
                        4,
                        5,
                        6,
                        7,
                        10,
                        12,
                        15,
                        16,
                        17,
                        18,
                        20,
                        25,
                        47,
                        63,
                        69,
                        75,
                        90,
                        98,
                        107,
                        131,
                        149,
                        167,
                        181,
                        183,
                        185,
                        191,
                        204,
                        208,
                        213,
                        217,
                        220,
                        223,
                        227,
                        229,
                        230,
                        231,
                        233,
                        234,
                        235,
                        238,
                        239,
                        241,
                        242,
                        244
                    ],
                    "excluded_lines": [
                        247
                    ],
                    "executed_branches": [],
                    "missing_branches": [
                        [
                            234,
                            235
                        ],
                        [
                            234,
                            244
                        ]
                    ]
                }
            }
        }
    },
    "totals": {
        "covered_lines": 104,
        "num_statements": 1390,
        "percent_covered": 6.24249699879952,
        "percent_covered_display": "6",
        "missing_lines": 1286,
        "excluded_lines": 18,
        "num_branches": 276,
        "num_partial_branches": 0,
        "covered_branches": 0,
        "missing_branches": 276
    }
}