{
    "meta": {
        "format": 3,
        "version": "7.8.2",
        "timestamp": "2025-05-29T23:57:37.753055",
        "branch_coverage": true,
        "show_contexts": false
    },
    "files": {
        "src/meridian/client.py": {
            "executed_lines": [
                3,
                7,
                8,
                9,
                10,
                11,
                12,
                14,
                16,
                19,
                23,
                26,
                27,
                29,
                31,
                32,
                33,
                34,
                35,
                36,
                37,
                38,
                39,
                40,
                41,
                44,
                46,
                89,
                107,
                125,
                192,
                264,
                277,
                278,
                279,
                280,
                281,
                284,
                285,
                288,
                374
            ],
            "summary": {
                "covered_lines": 38,
                "num_statements": 213,
                "percent_covered": 14.545454545454545,
                "percent_covered_display": "15",
                "missing_lines": 175,
                "excluded_lines": 2,
                "num_branches": 62,
                "num_partial_branches": 0,
                "covered_branches": 2,
                "missing_branches": 60
            },
            "missing_lines": [
                48,
                49,
                52,
                53,
                54,
                55,
                56,
                58,
                59,
                60,
                61,
                64,
                67,
                68,
                69,
                72,
                73,
                74,
                75,
                76,
                78,
                79,
                80,
                81,
                84,
                85,
                87,
                91,
                92,
                93,
                94,
                95,
                96,
                97,
                98,
                99,
                100,
                101,
                102,
                103,
                105,
                110,
                111,
                112,
                114,
                115,
                116,
                117,
                118,
                121,
                122,
                123,
                127,
                128,
                129,
                131,
                134,
                136,
                137,
                138,
                141,
                144,
                145,
                147,
                148,
                149,
                150,
                151,
                152,
                155,
                156,
                159,
                160,
                162,
                164,
                167,
                168,
                169,
                170,
                173,
                174,
                175,
                177,
                179,
                180,
                182,
                183,
                184,
                185,
                188,
                189,
                190,
                194,
                195,
                197,
                198,
                214,
                220,
                223,
                224,
                227,
                228,
                230,
                231,
                232,
                235,
                236,
                238,
                240,
                243,
                244,
                245,
                246,
                249,
                252,
                253,
                254,
                255,
                256,
                258,
                259,
                260,
                261,
                262,
                290,
                293,
                294,
                296,
                298,
                300,
                302,
                304,
                305,
                306,
                309,
                312,
                313,
                314,
                315,
                317,
                318,
                319,
                320,
                324,
                325,
                326,
                327,
                330,
                331,
                332,
                333,
                334,
                337,
                338,
                342,
                343,
                344,
                347,
                348,
                349,
                350,
                352,
                353,
                354,
                357,
                358,
                359,
                361,
                363,
                364,
                365,
                366,
                367,
                370,
                371
            ],
            "excluded_lines": [
                374,
                375
            ],
            "executed_branches": [
                [
                    277,
                    278
                ],
                [
                    277,
                    284
                ]
            ],
            "missing_branches": [
                [
                    53,
                    54
                ],
                [
                    53,
                    55
                ],
                [
                    55,
                    56
                ],
                [
                    55,
                    58
                ],
                [
                    67,
                    68
                ],
                [
                    67,
                    72
                ],
                [
                    84,
                    85
                ],
                [
                    84,
                    87
                ],
                [
                    91,
                    -89
                ],
                [
                    91,
                    92
                ],
                [
                    93,
                    -92
                ],
                [
                    93,
                    94
                ],
                [
                    99,
                    93
                ],
                [
                    99,
                    100
                ],
                [
                    110,
                    111
                ],
                [
                    110,
                    114
                ],
                [
                    114,
                    -107
                ],
                [
                    114,
                    115
                ],
                [
                    121,
                    -107
                ],
                [
                    121,
                    122
                ],
                [
                    128,
                    -125
                ],
                [
                    128,
                    129
                ],
                [
                    136,
                    137
                ],
                [
                    136,
                    141
                ],
                [
                    145,
                    147
                ],
                [
                    145,
                    155
                ],
                [
                    147,
                    148
                ],
                [
                    147,
                    155
                ],
                [
                    148,
                    149
                ],
                [
                    148,
                    151
                ],
                [
                    151,
                    147
                ],
                [
                    151,
                    152
                ],
                [
                    155,
                    156
                ],
                [
                    155,
                    159
                ],
                [
                    160,
                    162
                ],
                [
                    160,
                    164
                ],
                [
                    167,
                    168
                ],
                [
                    167,
                    173
                ],
                [
                    173,
                    174
                ],
                [
                    173,
                    177
                ],
                [
                    188,
                    -125
                ],
                [
                    188,
                    189
                ],
                [
                    194,
                    195
                ],
                [
                    194,
                    197
                ],
                [
                    235,
                    236
                ],
                [
                    235,
                    238
                ],
                [
                    243,
                    244
                ],
                [
                    243,
                    245
                ],
                [
                    245,
                    246
                ],
                [
                    245,
                    249
                ],
                [
                    254,
                    255
                ],
                [
                    254,
                    256
                ],
                [
                    260,
                    261
                ],
                [
                    260,
                    262
                ],
                [
                    325,
                    326
                ],
                [
                    325,
                    330
                ],
                [
                    349,
                    350
                ],
                [
                    349,
                    370
                ],
                [
                    352,
                    353
                ],
                [
                    352,
                    361
                ]
            ],
            "functions": {
                "WebSocketClient.__init__": {
                    "executed_lines": [
                        31,
                        32,
                        33,
                        34,
                        35,
                        36,
                        37,
                        38,
                        39,
                        40,
                        41,
                        44
                    ],
                    "summary": {
                        "covered_lines": 12,
                        "num_statements": 12,
                        "percent_covered": 100.0,
                        "percent_covered_display": "100",
                        "missing_lines": 0,
                        "excluded_lines": 0,
                        "num_branches": 0,
                        "num_partial_branches": 0,
                        "covered_branches": 0,
                        "missing_branches": 0
                    },
                    "missing_lines": [],
                    "excluded_lines": [],
                    "executed_branches": [],
                    "missing_branches": []
                },
                "WebSocketClient.connect": {
                    "executed_lines": [],
                    "summary": {
                        "covered_lines": 0,
                        "num_statements": 27,
                        "percent_covered": 0.0,
                        "percent_covered_display": "0",
                        "missing_lines": 27,
                        "excluded_lines": 0,
                        "num_branches": 8,
                        "num_partial_branches": 0,
                        "covered_branches": 0,
                        "missing_branches": 8
                    },
                    "missing_lines": [
                        48,
                        49,
                        52,
                        53,
                        54,
                        55,
                        56,
                        58,
                        59,
                        60,
                        61,
                        64,
                        67,
                        68,
                        69,
                        72,
                        73,
                        74,
                        75,
                        76,
                        78,
                        79,
                        80,
                        81,
                        84,
                        85,
                        87
                    ],
                    "excluded_lines": [],
                    "executed_branches": [],
                    "missing_branches": [
                        [
                            53,
                            54
                        ],
                        [
                            53,
                            55
                        ],
                        [
                            55,
                            56
                        ],
                        [
                            55,
                            58
                        ],
                        [
                            67,
                            68
                        ],
                        [
                            67,
                            72
                        ],
                        [
                            84,
                            85
                        ],
                        [
                            84,
                            87
                        ]
                    ]
                },
                "WebSocketClient.start_reconnection_loop": {
                    "executed_lines": [],
                    "summary": {
                        "covered_lines": 0,
                        "num_statements": 3,
                        "percent_covered": 0.0,
                        "percent_covered_display": "0",
                        "missing_lines": 3,
                        "excluded_lines": 0,
                        "num_branches": 2,
                        "num_partial_branches": 0,
                        "covered_branches": 0,
                        "missing_branches": 2
                    },
                    "missing_lines": [
                        91,
                        92,
                        105
                    ],
                    "excluded_lines": [],
                    "executed_branches": [],
                    "missing_branches": [
                        [
                            91,
                            -89
                        ],
                        [
                            91,
                            92
                        ]
                    ]
                },
                "WebSocketClient.start_reconnection_loop.reconnection_loop": {
                    "executed_lines": [],
                    "summary": {
                        "covered_lines": 0,
                        "num_statements": 11,
                        "percent_covered": 0.0,
                        "percent_covered_display": "0",
                        "missing_lines": 11,
                        "excluded_lines": 0,
                        "num_branches": 4,
                        "num_partial_branches": 0,
                        "covered_branches": 0,
                        "missing_branches": 4
                    },
                    "missing_lines": [
                        93,
                        94,
                        95,
                        96,
                        97,
                        98,
                        99,
                        100,
                        101,
                        102,
                        103
                    ],
                    "excluded_lines": [],
                    "executed_branches": [],
                    "missing_branches": [
                        [
                            93,
                            -92
                        ],
                        [
                            93,
                            94
                        ],
                        [
                            99,
                            93
                        ],
                        [
                            99,
                            100
                        ]
                    ]
                },
                "WebSocketClient.disconnect": {
                    "executed_lines": [],
                    "summary": {
                        "covered_lines": 0,
                        "num_statements": 11,
                        "percent_covered": 0.0,
                        "percent_covered_display": "0",
                        "missing_lines": 11,
                        "excluded_lines": 0,
                        "num_branches": 6,
                        "num_partial_branches": 0,
                        "covered_branches": 0,
                        "missing_branches": 6
                    },
                    "missing_lines": [
                        110,
                        111,
                        112,
                        114,
                        115,
                        116,
                        117,
                        118,
                        121,
                        122,
                        123
                    ],
                    "excluded_lines": [],
                    "executed_branches": [],
                    "missing_branches": [
                        [
                            110,
                            111
                        ],
                        [
                            110,
                            114
                        ],
                        [
                            114,
                            -107
                        ],
                        [
                            114,
                            115
                        ],
                        [
                            121,
                            -107
                        ],
                        [
                            121,
                            122
                        ]
                    ]
                },
                "WebSocketClient.listen": {
                    "executed_lines": [],
                    "summary": {
                        "covered_lines": 0,
                        "num_statements": 40,
                        "percent_covered": 0.0,
                        "percent_covered_display": "0",
                        "missing_lines": 40,
                        "excluded_lines": 0,
                        "num_branches": 22,
                        "num_partial_branches": 0,
                        "covered_branches": 0,
                        "missing_branches": 22
                    },
                    "missing_lines": [
                        127,
                        128,
                        129,
                        131,
                        134,
                        136,
                        137,
                        138,
                        141,
                        144,
                        145,
                        147,
                        148,
                        149,
                        150,
                        151,
                        152,
                        155,
                        156,
                        159,
                        160,
                        162,
                        164,
                        167,
                        168,
                        169,
                        170,
                        173,
                        174,
                        175,
                        177,
                        179,
                        180,
                        182,
                        183,
                        184,
                        185,
                        188,
                        189,
                        190
                    ],
                    "excluded_lines": [],
                    "executed_branches": [],
                    "missing_branches": [
                        [
                            128,
                            -125
                        ],
                        [
                            128,
                            129
                        ],
                        [
                            136,
                            137
                        ],
                        [
                            136,
                            141
                        ],
                        [
                            145,
                            147
                        ],
                        [
                            145,
                            155
                        ],
                        [
                            147,
                            148
                        ],
                        [
                            147,
                            155
                        ],
                        [
                            148,
                            149
                        ],
                        [
                            148,
                            151
                        ],
                        [
                            151,
                            147
                        ],
                        [
                            151,
                            152
                        ],
                        [
                            155,
                            156
                        ],
                        [
                            155,
                            159
                        ],
                        [
                            160,
                            162
                        ],
                        [
                            160,
                            164
                        ],
                        [
                            167,
                            168
                        ],
                        [
                            167,
                            173
                        ],
                        [
                            173,
                            174
                        ],
                        [
                            173,
                            177
                        ],
                        [
                            188,
                            -125
                        ],
                        [
                            188,
                            189
                        ]
                    ]
                },
                "WebSocketClient.send": {
                    "executed_lines": [],
                    "summary": {
                        "covered_lines": 0,
                        "num_statements": 32,
                        "percent_covered": 0.0,
                        "percent_covered_display": "0",
                        "missing_lines": 32,
                        "excluded_lines": 0,
                        "num_branches": 12,
                        "num_partial_branches": 0,
                        "covered_branches": 0,
                        "missing_branches": 12
                    },
                    "missing_lines": [
                        194,
                        195,
                        197,
                        198,
                        214,
                        220,
                        223,
                        224,
                        227,
                        228,
                        230,
                        231,
                        232,
                        235,
                        236,
                        238,
                        240,
                        243,
                        244,
                        245,
                        246,
                        249,
                        252,
                        253,
                        254,
                        255,
                        256,
                        258,
                        259,
                        260,
                        261,
                        262
                    ],
                    "excluded_lines": [],
                    "executed_branches": [],
                    "missing_branches": [
                        [
                            194,
                            195
                        ],
                        [
                            194,
                            197
                        ],
                        [
                            235,
                            236
                        ],
                        [
                            235,
                            238
                        ],
                        [
                            243,
                            244
                        ],
                        [
                            243,
                            245
                        ],
                        [
                            245,
                            246
                        ],
                        [
                            245,
                            249
                        ],
                        [
                            254,
                            255
                        ],
                        [
                            254,
                            256
                        ],
                        [
                            260,
                            261
                        ],
                        [
                            260,
                            262
                        ]
                    ]
                },
                "WebSocketClient.on_message": {
                    "executed_lines": [
                        277,
                        278,
                        281,
                        284,
                        285
                    ],
                    "summary": {
                        "covered_lines": 5,
                        "num_statements": 5,
                        "percent_covered": 100.0,
                        "percent_covered_display": "100",
                        "missing_lines": 0,
                        "excluded_lines": 0,
                        "num_branches": 2,
                        "num_partial_branches": 0,
                        "covered_branches": 2,
                        "missing_branches": 0
                    },
                    "missing_lines": [],
                    "excluded_lines": [],
                    "executed_branches": [
                        [
                            277,
                            278
                        ],
                        [
                            277,
                            284
                        ]
                    ],
                    "missing_branches": []
                },
                "WebSocketClient.on_message.decorator": {
                    "executed_lines": [
                        279,
                        280
                    ],
                    "summary": {
                        "covered_lines": 2,
                        "num_statements": 2,
                        "percent_covered": 100.0,
                        "percent_covered_display": "100",
                        "missing_lines": 0,
                        "excluded_lines": 0,
                        "num_branches": 0,
                        "num_partial_branches": 0,
                        "covered_branches": 0,
                        "missing_branches": 0
                    },
                    "missing_lines": [],
                    "excluded_lines": [],
                    "executed_branches": [],
                    "missing_branches": []
                },
                "main": {
                    "executed_lines": [],
                    "summary": {
                        "covered_lines": 0,
                        "num_statements": 47,
                        "percent_covered": 0.0,
                        "percent_covered_display": "0",
                        "missing_lines": 47,
                        "excluded_lines": 0,
                        "num_branches": 6,
                        "num_partial_branches": 0,
                        "covered_branches": 0,
                        "missing_branches": 6
                    },
                    "missing_lines": [
                        290,
                        293,
                        294,
                        296,
                        298,
                        300,
                        302,
                        304,
                        305,
                        306,
                        309,
                        312,
                        313,
                        317,
                        318,
                        324,
                        325,
                        326,
                        327,
                        330,
                        331,
                        332,
                        333,
                        334,
                        337,
                        338,
                        342,
                        343,
                        344,
                        347,
                        348,
                        349,
                        350,
                        352,
                        353,
                        354,
                        357,
                        358,
                        359,
                        361,
                        363,
                        364,
                        365,
                        366,
                        367,
                        370,
                        371
                    ],
                    "excluded_lines": [],
                    "executed_branches": [],
                    "missing_branches": [
                        [
                            325,
                            326
                        ],
                        [
                            325,
                            330
                        ],
                        [
                            349,
                            350
                        ],
                        [
                            349,
                            370
                        ],
                        [
                            352,
                            353
                        ],
                        [
                            352,
                            361
                        ]
                    ]
                },
                "main.handle_heartbeat": {
                    "executed_lines": [],
                    "summary": {
                        "covered_lines": 0,
                        "num_statements": 2,
                        "percent_covered": 0.0,
                        "percent_covered_display": "0",
                        "missing_lines": 2,
                        "excluded_lines": 0,
                        "num_branches": 0,
                        "num_partial_branches": 0,
                        "covered_branches": 0,
                        "missing_branches": 0
                    },
                    "missing_lines": [
                        314,
                        315
                    ],
                    "excluded_lines": [],
                    "executed_branches": [],
                    "missing_branches": []
                },
                "main.handle_broadcast": {
                    "executed_lines": [],
                    "summary": {
                        "covered_lines": 0,
                        "num_statements": 2,
                        "percent_covered": 0.0,
                        "percent_covered_display": "0",
                        "missing_lines": 2,
                        "excluded_lines": 0,
                        "num_branches": 0,
                        "num_partial_branches": 0,
                        "covered_branches": 0,
                        "missing_branches": 0
                    },
                    "missing_lines": [
                        319,
                        320
                    ],
                    "excluded_lines": [],
                    "executed_branches": [],
                    "missing_branches": []
                },
                "": {
                    "executed_lines": [
                        3,
                        7,
                        8,
                        9,
                        10,
                        11,
                        12,
                        14,
                        16,
                        19,
                        23,
                        26,
                        27,
                        29,
                        46,
                        89,
                        107,
                        125,
                        192,
                        264,
                        288,
                        374
                    ],
                    "summary": {
                        "covered_lines": 19,
                        "num_statements": 19,
                        "percent_covered": 100.0,
                        "percent_covered_display": "100",
                        "missing_lines": 0,
                        "excluded_lines": 2,
                        "num_branches": 0,
                        "num_partial_branches": 0,
                        "covered_branches": 0,
                        "missing_branches": 0
                    },
                    "missing_lines": [],
                    "excluded_lines": [
                        374,
                        375
                    ],
                    "executed_branches": [],
                    "missing_branches": []
                }
            },
            "classes": {
                "WebSocketClient": {
                    "executed_lines": [
                        31,
                        32,
                        33,
                        34,
                        35,
                        36,
                        37,
                        38,
                        39,
                        40,
                        41,
                        44,
                        277,
                        278,
                        279,
                        280,
                        281,
                        284,
                        285
                    ],
                    "summary": {
                        "covered_lines": 19,
                        "num_statements": 143,
                        "percent_covered": 10.552763819095478,
                        "percent_covered_display": "11",
                        "missing_lines": 124,
                        "excluded_lines": 0,
                        "num_branches": 56,
                        "num_partial_branches": 0,
                        "covered_branches": 2,
                        "missing_branches": 54
                    },
                    "missing_lines": [
                        48,
                        49,
                        52,
                        53,
                        54,
                        55,
                        56,
                        58,
                        59,
                        60,
                        61,
                        64,
                        67,
                        68,
                        69,
                        72,
                        73,
                        74,
                        75,
                        76,
                        78,
                        79,
                        80,
                        81,
                        84,
                        85,
                        87,
                        91,
                        92,
                        93,
                        94,
                        95,
                        96,
                        97,
                        98,
                        99,
                        100,
                        101,
                        102,
                        103,
                        105,
                        110,
                        111,
                        112,
                        114,
                        115,
                        116,
                        117,
                        118,
                        121,
                        122,
                        123,
                        127,
                        128,
                        129,
                        131,
                        134,
                        136,
                        137,
                        138,
                        141,
                        144,
                        145,
                        147,
                        148,
                        149,
                        150,
                        151,
                        152,
                        155,
                        156,
                        159,
                        160,
                        162,
                        164,
                        167,
                        168,
                        169,
                        170,
                        173,
                        174,
                        175,
                        177,
                        179,
                        180,
                        182,
                        183,
                        184,
                        185,
                        188,
                        189,
                        190,
                        194,
                        195,
                        197,
                        198,
                        214,
                        220,
                        223,
                        224,
                        227,
                        228,
                        230,
                        231,
                        232,
                        235,
                        236,
                        238,
                        240,
                        243,
                        244,
                        245,
                        246,
                        249,
                        252,
                        253,
                        254,
                        255,
                        256,
                        258,
                        259,
                        260,
                        261,
                        262
                    ],
                    "excluded_lines": [],
                    "executed_branches": [
                        [
                            277,
                            278
                        ],
                        [
                            277,
                            284
                        ]
                    ],
                    "missing_branches": [
                        [
                            53,
                            54
                        ],
                        [
                            53,
                            55
                        ],
                        [
                            55,
                            56
                        ],
                        [
                            55,
                            58
                        ],
                        [
                            67,
                            68
                        ],
                        [
                            67,
                            72
                        ],
                        [
                            84,
                            85
                        ],
                        [
                            84,
                            87
                        ],
                        [
                            91,
                            -89
                        ],
                        [
                            91,
                            92
                        ],
                        [
                            93,
                            -92
                        ],
                        [
                            93,
                            94
                        ],
                        [
                            99,
                            93
                        ],
                        [
                            99,
                            100
                        ],
                        [
                            110,
                            111
                        ],
                        [
                            110,
                            114
                        ],
                        [
                            114,
                            -107
                        ],
                        [
                            114,
                            115
                        ],
                        [
                            121,
                            -107
                        ],
                        [
                            121,
                            122
                        ],
                        [
                            128,
                            -125
                        ],
                        [
                            128,
                            129
                        ],
                        [
                            136,
                            137
                        ],
                        [
                            136,
                            141
                        ],
                        [
                            145,
                            147
                        ],
                        [
                            145,
                            155
                        ],
                        [
                            147,
                            148
                        ],
                        [
                            147,
                            155
                        ],
                        [
                            148,
                            149
                        ],
                        [
                            148,
                            151
                        ],
                        [
                            151,
                            147
                        ],
                        [
                            151,
                            152
                        ],
                        [
                            155,
                            156
                        ],
                        [
                            155,
                            159
                        ],
                        [
                            160,
                            162
                        ],
                        [
                            160,
                            164
                        ],
                        [
                            167,
                            168
                        ],
                        [
                            167,
                            173
                        ],
                        [
                            173,
                            174
                        ],
                        [
                            173,
                            177
                        ],
                        [
                            188,
                            -125
                        ],
                        [
                            188,
                            189
                        ],
                        [
                            194,
                            195
                        ],
                        [
                            194,
                            197
                        ],
                        [
                            235,
                            236
                        ],
                        [
                            235,
                            238
                        ],
                        [
                            243,
                            244
                        ],
                        [
                            243,
                            245
                        ],
                        [
                            245,
                            246
                        ],
                        [
                            245,
                            249
                        ],
                        [
                            254,
                            255
                        ],
                        [
                            254,
                            256
                        ],
                        [
                            260,
                            261
                        ],
                        [
                            260,
                            262
                        ]
                    ]
                },
                "": {
                    "executed_lines": [
                        3,
                        7,
                        8,
                        9,
                        10,
                        11,
                        12,
                        14,
                        16,
                        19,
                        23,
                        26,
                        27,
                        29,
                        46,
                        89,
                        107,
                        125,
                        192,
                        264,
                        288,
                        374
                    ],
                    "summary": {
                        "covered_lines": 19,
                        "num_statements": 70,
                        "percent_covered": 25.0,
                        "percent_covered_display": "25",
                        "missing_lines": 51,
                        "excluded_lines": 2,
                        "num_branches": 6,
                        "num_partial_branches": 0,
                        "covered_branches": 0,
                        "missing_branches": 6
                    },
                    "missing_lines": [
                        290,
                        293,
                        294,
                        296,
                        298,
                        300,
                        302,
                        304,
                        305,
                        306,
                        309,
                        312,
                        313,
                        314,
                        315,
                        317,
                        318,
                        319,
                        320,
                        324,
                        325,
                        326,
                        327,
                        330,
                        331,
                        332,
                        333,
                        334,
                        337,
                        338,
                        342,
                        343,
                        344,
                        347,
                        348,
                        349,
                        350,
                        352,
                        353,
                        354,
                        357,
                        358,
                        359,
                        361,
                        363,
                        364,
                        365,
                        366,
                        367,
                        370,
                        371
                    ],
                    "excluded_lines": [
                        374,
                        375
                    ],
                    "executed_branches": [],
                    "missing_branches": [
                        [
                            325,
                            326
                        ],
                        [
                            325,
                            330
                        ],
                        [
                            349,
                            350
                        ],
                        [
                            349,
                            370
                        ],
                        [
                            352,
                            353
                        ],
                        [
                            352,
                            361
                        ]
                    ]
                }
            }
        },
        "src/meridian/edn2python.py": {
            "executed_lines": [
                3,
                4,
                5,
                6,
                7,
                8,
                10,
                75,
                88,
                95
            ],
            "summary": {
                "covered_lines": 9,
                "num_statements": 44,
                "percent_covered": 12.162162162162161,
                "percent_covered_display": "12",
                "missing_lines": 35,
                "excluded_lines": 6,
                "num_branches": 30,
                "num_partial_branches": 0,
                "covered_branches": 0,
                "missing_branches": 30
            },
            "missing_lines": [
                26,
                27,
                28,
                29,
                30,
                31,
                32,
                34,
                35,
                37,
                38,
                40,
                41,
                43,
                44,
                46,
                47,
                49,
                50,
                52,
                53,
                55,
                56,
                58,
                59,
                61,
                62,
                64,
                65,
                67,
                73,
                80,
                83,
                86,
                92
            ],
            "excluded_lines": [
                95,
                97,
                109,
                110,
                113,
                114
            ],
            "executed_branches": [],
            "missing_branches": [
                [
                    26,
                    27
                ],
                [
                    26,
                    28
                ],
                [
                    28,
                    29
                ],
                [
                    28,
                    30
                ],
                [
                    30,
                    31
                ],
                [
                    30,
                    32
                ],
                [
                    32,
                    34
                ],
                [
                    32,
                    35
                ],
                [
                    35,
                    37
                ],
                [
                    35,
                    38
                ],
                [
                    38,
                    40
                ],
                [
                    38,
                    41
                ],
                [
                    41,
                    43
                ],
                [
                    41,
                    44
                ],
                [
                    44,
                    46
                ],
                [
                    44,
                    47
                ],
                [
                    47,
                    49
                ],
                [
                    47,
                    50
                ],
                [
                    50,
                    52
                ],
                [
                    50,
                    53
                ],
                [
                    53,
                    55
                ],
                [
                    53,
                    56
                ],
                [
                    56,
                    58
                ],
                [
                    56,
                    59
                ],
                [
                    59,
                    61
                ],
                [
                    59,
                    62
                ],
                [
                    62,
                    64
                ],
                [
                    62,
                    65
                ],
                [
                    65,
                    67
                ],
                [
                    65,
                    73
                ]
            ],
            "functions": {
                "edn_to_python": {
                    "executed_lines": [],
                    "summary": {
                        "covered_lines": 0,
                        "num_statements": 31,
                        "percent_covered": 0.0,
                        "percent_covered_display": "0",
                        "missing_lines": 31,
                        "excluded_lines": 0,
                        "num_branches": 30,
                        "num_partial_branches": 0,
                        "covered_branches": 0,
                        "missing_branches": 30
                    },
                    "missing_lines": [
                        26,
                        27,
                        28,
                        29,
                        30,
                        31,
                        32,
                        34,
                        35,
                        37,
                        38,
                        40,
                        41,
                        43,
                        44,
                        46,
                        47,
                        49,
                        50,
                        52,
                        53,
                        55,
                        56,
                        58,
                        59,
                        61,
                        62,
                        64,
                        65,
                        67,
                        73
                    ],
                    "excluded_lines": [],
                    "executed_branches": [],
                    "missing_branches": [
                        [
                            26,
                            27
                        ],
                        [
                            26,
                            28
                        ],
                        [
                            28,
                            29
                        ],
                        [
                            28,
                            30
                        ],
                        [
                            30,
                            31
                        ],
                        [
                            30,
                            32
                        ],
                        [
                            32,
                            34
                        ],
                        [
                            32,
                            35
                        ],
                        [
                            35,
                            37
                        ],
                        [
                            35,
                            38
                        ],
                        [
                            38,
                            40
                        ],
                        [
                            38,
                            41
                        ],
                        [
                            41,
                            43
                        ],
                        [
                            41,
                            44
                        ],
                        [
                            44,
                            46
                        ],
                        [
                            44,
                            47
                        ],
                        [
                            47,
                            49
                        ],
                        [
                            47,
                            50
                        ],
                        [
                            50,
                            52
                        ],
                        [
                            50,
                            53
                        ],
                        [
                            53,
                            55
                        ],
                        [
                            53,
                            56
                        ],
                        [
                            56,
                            58
                        ],
                        [
                            56,
                            59
                        ],
                        [
                            59,
                            61
                        ],
                        [
                            59,
                            62
                        ],
                        [
                            62,
                            64
                        ],
                        [
                            62,
                            65
                        ],
                        [
                            65,
                            67
                        ],
                        [
                            65,
                            73
                        ]
                    ]
                },
                "edn_string_to_json": {
                    "executed_lines": [],
                    "summary": {
                        "covered_lines": 0,
                        "num_statements": 3,
                        "percent_covered": 0.0,
                        "percent_covered_display": "0",
                        "missing_lines": 3,
                        "excluded_lines": 0,
                        "num_branches": 0,
                        "num_partial_branches": 0,
                        "covered_branches": 0,
                        "missing_branches": 0
                    },
                    "missing_lines": [
                        80,
                        83,
                        86
                    ],
                    "excluded_lines": [],
                    "executed_branches": [],
                    "missing_branches": []
                },
                "edn_to_json_object": {
                    "executed_lines": [],
                    "summary": {
                        "covered_lines": 0,
                        "num_statements": 1,
                        "percent_covered": 0.0,
                        "percent_covered_display": "0",
                        "missing_lines": 1,
                        "excluded_lines": 0,
                        "num_branches": 0,
                        "num_partial_branches": 0,
                        "covered_branches": 0,
                        "missing_branches": 0
                    },
                    "missing_lines": [
                        92
                    ],
                    "excluded_lines": [],
                    "executed_branches": [],
                    "missing_branches": []
                },
                "": {
                    "executed_lines": [
                        3,
                        4,
                        5,
                        6,
                        7,
                        8,
                        10,
                        75,
                        88,
                        95
                    ],
                    "summary": {
                        "covered_lines": 9,
                        "num_statements": 9,
                        "percent_covered": 100.0,
                        "percent_covered_display": "100",
                        "missing_lines": 0,
                        "excluded_lines": 6,
                        "num_branches": 0,
                        "num_partial_branches": 0,
                        "covered_branches": 0,
                        "missing_branches": 0
                    },
                    "missing_lines": [],
                    "excluded_lines": [
                        95,
                        97,
                        109,
                        110,
                        113,
                        114
                    ],
                    "executed_branches": [],
                    "missing_branches": []
                }
            },
            "classes": {
                "": {
                    "executed_lines": [
                        3,
                        4,
                        5,
                        6,
                        7,
                        8,
                        10,
                        75,
                        88,
                        95
                    ],
                    "summary": {
                        "covered_lines": 9,
                        "num_statements": 44,
                        "percent_covered": 12.162162162162161,
                        "percent_covered_display": "12",
                        "missing_lines": 35,
                        "excluded_lines": 6,
                        "num_branches": 30,
                        "num_partial_branches": 0,
                        "covered_branches": 0,
                        "missing_branches": 30
                    },
                    "missing_lines": [
                        26,
                        27,
                        28,
                        29,
                        30,
                        31,
                        32,
                        34,
                        35,
                        37,
                        38,
                        40,
                        41,
                        43,
                        44,
                        46,
                        47,
                        49,
                        50,
                        52,
                        53,
                        55,
                        56,
                        58,
                        59,
                        61,
                        62,
                        64,
                        65,
                        67,
                        73,
                        80,
                        83,
                        86,
                        92
                    ],
                    "excluded_lines": [
                        95,
                        97,
                        109,
                        110,
                        113,
                        114
                    ],
                    "executed_branches": [],
                    "missing_branches": [
                        [
                            26,
                            27
                        ],
                        [
                            26,
                            28
                        ],
                        [
                            28,
                            29
                        ],
                        [
                            28,
                            30
                        ],
                        [
                            30,
                            31
                        ],
                        [
                            30,
                            32
                        ],
                        [
                            32,
                            34
                        ],
                        [
                            32,
                            35
                        ],
                        [
                            35,
                            37
                        ],
                        [
                            35,
                            38
                        ],
                        [
                            38,
                            40
                        ],
                        [
                            38,
                            41
                        ],
                        [
                            41,
                            43
                        ],
                        [
                            41,
                            44
                        ],
                        [
                            44,
                            46
                        ],
                        [
                            44,
                            47
                        ],
                        [
                            47,
                            49
                        ],
                        [
                            47,
                            50
                        ],
                        [
                            50,
                            52
                        ],
                        [
                            50,
                            53
                        ],
                        [
                            53,
                            55
                        ],
                        [
                            53,
                            56
                        ],
                        [
                            56,
                            58
                        ],
                        [
                            56,
                            59
                        ],
                        [
                            59,
                            61
                        ],
                        [
                            59,
                            62
                        ],
                        [
                            62,
                            64
                        ],
                        [
                            62,
                            65
                        ],
                        [
                            65,
                            67
                        ],
                        [
                            65,
                            73
                        ]
                    ]
                }
            }
        },
        "src/meridian/message_format.py": {
            "executed_lines": [
                2,
                5,
                6,
                7,
                8,
                9,
                11,
                14,
                15,
                17,
                20,
                24,
                27,
                28,
                30,
                41,
                42,
                43,
                45,
                47,
                48,
                51,
                61,
                62,
                63,
                64,
                65,
                66,
                67,
                68,
                69,
                71,
                72,
                73,
                74,
                75,
                76,
                78,
                81,
                92,
                93,
                94,
                159,
                160,
                173,
                175,
                177,
                178,
                179,
                180,
                181,
                182,
                183,
                184,
                185,
                191
            ],
            "summary": {
                "covered_lines": 55,
                "num_statements": 82,
                "percent_covered": 70.17543859649123,
                "percent_covered_display": "70",
                "missing_lines": 27,
                "excluded_lines": 0,
                "num_branches": 32,
                "num_partial_branches": 3,
                "covered_branches": 25,
                "missing_branches": 7
            },
            "missing_lines": [
                95,
                97,
                101,
                102,
                125,
                126,
                127,
                128,
                130,
                133,
                134,
                137,
                139,
                140,
                141,
                145,
                146,
                148,
                150,
                151,
                152,
                153,
                155,
                157,
                158,
                176,
                189
            ],
            "excluded_lines": [],
            "executed_branches": [
                [
                    41,
                    42
                ],
                [
                    41,
                    43
                ],
                [
                    43,
                    45
                ],
                [
                    43,
                    47
                ],
                [
                    61,
                    62
                ],
                [
                    61,
                    66
                ],
                [
                    63,
                    64
                ],
                [
                    63,
                    65
                ],
                [
                    66,
                    67
                ],
                [
                    66,
                    69
                ],
                [
                    69,
                    71
                ],
                [
                    69,
                    73
                ],
                [
                    73,
                    74
                ],
                [
                    73,
                    75
                ],
                [
                    75,
                    76
                ],
                [
                    75,
                    78
                ],
                [
                    93,
                    94
                ],
                [
                    175,
                    177
                ],
                [
                    177,
                    178
                ],
                [
                    177,
                    183
                ],
                [
                    179,
                    180
                ],
                [
                    179,
                    182
                ],
                [
                    183,
                    184
                ],
                [
                    183,
                    185
                ],
                [
                    185,
                    191
                ]
            ],
            "missing_branches": [
                [
                    93,
                    95
                ],
                [
                    95,
                    97
                ],
                [
                    95,
                    157
                ],
                [
                    145,
                    146
                ],
                [
                    145,
                    155
                ],
                [
                    175,
                    176
                ],
                [
                    185,
                    189
                ]
            ],
            "functions": {
                "serialize_message": {
                    "executed_lines": [
                        41,
                        42,
                        43,
                        45,
                        47,
                        48
                    ],
                    "summary": {
                        "covered_lines": 6,
                        "num_statements": 6,
                        "percent_covered": 100.0,
                        "percent_covered_display": "100",
                        "missing_lines": 0,
                        "excluded_lines": 0,
                        "num_branches": 4,
                        "num_partial_branches": 0,
                        "covered_branches": 4,
                        "missing_branches": 0
                    },
                    "missing_lines": [],
                    "excluded_lines": [],
                    "executed_branches": [
                        [
                            41,
                            42
                        ],
                        [
                            41,
                            43
                        ],
                        [
                            43,
                            45
                        ],
                        [
                            43,
                            47
                        ]
                    ],
                    "missing_branches": []
                },
                "dict_to_edn_str": {
                    "executed_lines": [
                        61,
                        62,
                        63,
                        64,
                        65,
                        66,
                        67,
                        68,
                        69,
                        71,
                        72,
                        73,
                        74,
                        75,
                        76,
                        78
                    ],
                    "summary": {
                        "covered_lines": 16,
                        "num_statements": 16,
                        "percent_covered": 100.0,
                        "percent_covered_display": "100",
                        "missing_lines": 0,
                        "excluded_lines": 0,
                        "num_branches": 12,
                        "num_partial_branches": 0,
                        "covered_branches": 12,
                        "missing_branches": 0
                    },
                    "missing_lines": [],
                    "excluded_lines": [],
                    "executed_branches": [
                        [
                            61,
                            62
                        ],
                        [
                            61,
                            66
                        ],
                        [
                            63,
                            64
                        ],
                        [
                            63,
                            65
                        ],
                        [
                            66,
                            67
                        ],
                        [
                            66,
                            69
                        ],
                        [
                            69,
                            71
                        ],
                        [
                            69,
                            73
                        ],
                        [
                            73,
                            74
                        ],
                        [
                            73,
                            75
                        ],
                        [
                            75,
                            76
                        ],
                        [
                            75,
                            78
                        ]
                    ],
                    "missing_branches": []
                },
                "deserialize_message": {
                    "executed_lines": [
                        92,
                        93,
                        94,
                        159,
                        160
                    ],
                    "summary": {
                        "covered_lines": 5,
                        "num_statements": 30,
                        "percent_covered": 16.666666666666668,
                        "percent_covered_display": "17",
                        "missing_lines": 25,
                        "excluded_lines": 0,
                        "num_branches": 6,
                        "num_partial_branches": 1,
                        "covered_branches": 1,
                        "missing_branches": 5
                    },
                    "missing_lines": [
                        95,
                        97,
                        101,
                        102,
                        125,
                        126,
                        127,
                        128,
                        130,
                        133,
                        134,
                        137,
                        139,
                        140,
                        141,
                        145,
                        146,
                        148,
                        150,
                        151,
                        152,
                        153,
                        155,
                        157,
                        158
                    ],
                    "excluded_lines": [],
                    "executed_branches": [
                        [
                            93,
                            94
[...]
                        "percent_covered": 11.009174311926605,
                        "percent_covered_display": "11",
                        "missing_lines": 73,
                        "excluded_lines": 0,
                        "num_branches": 24,
                        "num_partial_branches": 0,
                        "covered_branches": 0,
                        "missing_branches": 24
                    },
                    "missing_lines": [
                        52,
                        53,
                        57,
                        58,
                        60,
                        61,
                        65,
                        66,
                        67,
                        71,
                        72,
                        73,
                        77,
                        79,
                        81,
                        82,
                        83,
                        84,
                        86,
                        87,
                        88,
                        92,
                        94,
                        95,
                        96,
                        100,
                        102,
                        103,
                        104,
                        109,
                        110,
                        111,
                        112,
                        113,
                        115,
                        117,
                        118,
                        120,
                        122,
                        126,
                        127,
                        128,
                        129,
                        133,
                        134,
                        135,
                        136,
                        138,
                        139,
                        144,
                        145,
                        146,
                        147,
                        151,
                        152,
                        153,
                        154,
                        156,
                        157,
                        162,
                        163,
                        164,
                        165,
                        169,
                        170,
                        171,
                        172,
                        174,
                        175,
                        176,
                        177,
                        178,
                        179
                    ],
                    "excluded_lines": [],
                    "executed_branches": [],
                    "missing_branches": [
                        [
                            71,
                            -69
                        ],
                        [
                            71,
                            72
                        ],
                        [
                            81,
                            82
                        ],
                        [
                            81,
                            84
                        ],
                        [
                            84,
                            86
                        ],
                        [
                            84,
                            88
                        ],
                        [
                            109,
                            110
                        ],
                        [
                            109,
                            115
                        ],
                        [
                            112,
                            113
                        ],
                        [
                            112,
                            115
                        ],
                        [
                            117,
                            118
                        ],
                        [
                            117,
                            120
                        ],
                        [
                            133,
                            134
                        ],
                        [
                            133,
                            138
                        ],
                        [
                            135,
                            136
                        ],
                        [
                            135,
                            138
                        ],
                        [
                            151,
                            152
                        ],
                        [
                            151,
                            156
                        ],
                        [
                            153,
                            154
                        ],
                        [
                            153,
                            156
                        ],
                        [
                            169,
                            170
                        ],
                        [
                            169,
                            174
                        ],
                        [
                            171,
                            172
                        ],
                        [
                            171,
                            174
                        ]
                    ]
                },
                "ClarityClientProxy": {
                    "executed_lines": [
                        186,
                        187,
                        189,
                        193,
                        196,
                        197,
                        199,
                        200,
                        206,
                        209,
                        215,
                        218,
                        221,
                        224
                    ],
                    "summary": {
                        "covered_lines": 14,
                        "num_statements": 14,
                        "percent_covered": 100.0,
                        "percent_covered_display": "100",
                        "missing_lines": 0,
                        "excluded_lines": 0,
                        "num_branches": 0,
                        "num_partial_branches": 0,
                        "covered_branches": 0,
                        "missing_branches": 0
                    },
                    "missing_lines": [],
                    "excluded_lines": [],
                    "executed_branches": [],
                    "missing_branches": []
                },
                "": {
                    "executed_lines": [
                        3,
                        4,
                        5,
                        6,
                        7,
                        10,
                        12,
                        15,
                        16,
                        17,
                        18,
                        20,
                        21,
                        25,
                        47,
                        63,
                        69,
                        75,
                        90,
                        98,
                        107,
                        131,
                        149,
                        167,
                        181,
                        183,
                        184,
                        185,
                        191,
                        204,
                        208,
                        213,
                        217,
                        220,
                        223,
                        227
                    ],
                    "summary": {
                        "covered_lines": 34,
                        "num_statements": 45,
                        "percent_covered": 72.34042553191489,
                        "percent_covered_display": "72",
                        "missing_lines": 11,
                        "excluded_lines": 1,
                        "num_branches": 2,
                        "num_partial_branches": 0,
                        "covered_branches": 0,
                        "missing_branches": 2
                    },
                    "missing_lines": [
                        229,
                        230,
                        231,
                        233,
                        234,
                        235,
                        238,
                        239,
                        241,
                        242,
                        244
                    ],
                    "excluded_lines": [
                        247
                    ],
                    "executed_branches": [],
                    "missing_branches": [
                        [
                            234,
                            235
                        ],
                        [
                            234,
                            244
                        ]
                    ]
                }
            }
        },
        "src/relica_nous_langchain/utils/EventEmitter.py": {
            "executed_lines": [
                1,
                2,
                3,
                5,
                11,
                15
            ],
            "summary": {
                "covered_lines": 6,
                "num_statements": 16,
                "percent_covered": 25.0,
                "percent_covered_display": "25",
                "missing_lines": 10,
                "excluded_lines": 0,
                "num_branches": 8,
                "num_partial_branches": 0,
                "covered_branches": 0,
                "missing_branches": 8
            },
            "missing_lines": [
                6,
                7,
                8,
                9,
                12,
                13,
                16,
                17,
                18,
                19
            ],
            "excluded_lines": [],
            "executed_branches": [],
            "missing_branches": [
                [
                    7,
                    8
                ],
                [
                    7,
                    9
                ],
                [
                    12,
                    -11
                ],
                [
                    12,
                    13
                ],
                [
                    16,
                    -15
                ],
                [
                    16,
                    17
                ],
                [
                    18,
                    -15
                ],
                [
                    18,
                    19
                ]
            ],
            "functions": {
                "EventEmitter.__init__": {
                    "executed_lines": [
                        3
                    ],
                    "summary": {
                        "covered_lines": 1,
                        "num_statements": 1,
                        "percent_covered": 100.0,
                        "percent_covered_display": "100",
                        "missing_lines": 0,
                        "excluded_lines": 0,
                        "num_branches": 0,
                        "num_partial_branches": 0,
                        "covered_branches": 0,
                        "missing_branches": 0
                    },
                    "missing_lines": [],
                    "excluded_lines": [],
                    "executed_branches": [],
                    "missing_branches": []
                },
                "EventEmitter.on": {
                    "executed_lines": [],
                    "summary": {
                        "covered_lines": 0,
                        "num_statements": 4,
                        "percent_covered": 0.0,
                        "percent_covered_display": "0",
                        "missing_lines": 4,
                        "excluded_lines": 0,
                        "num_branches": 2,
                        "num_partial_branches": 0,
                        "covered_branches": 0,
                        "missing_branches": 2
                    },
                    "missing_lines": [
                        6,
                        7,
                        8,
                        9
                    ],
                    "excluded_lines": [],
                    "executed_branches": [],
                    "missing_branches": [
                        [
                            7,
                            8
                        ],
                        [
                            7,
                            9
                        ]
                    ]
                },
                "EventEmitter.off": {
                    "executed_lines": [],
                    "summary": {
                        "covered_lines": 0,
                        "num_statements": 2,
                        "percent_covered": 0.0,
                        "percent_covered_display": "0",
                        "missing_lines": 2,
                        "excluded_lines": 0,
                        "num_branches": 2,
                        "num_partial_branches": 0,
                        "covered_branches": 0,
                        "missing_branches": 2
                    },
                    "missing_lines": [
                        12,
                        13
                    ],
                    "excluded_lines": [],
                    "executed_branches": [],
                    "missing_branches": [
                        [
                            12,
                            -11
                        ],
                        [
                            12,
                            13
                        ]
                    ]
                },
                "EventEmitter.emit": {
                    "executed_lines": [],
                    "summary": {
                        "covered_lines": 0,
                        "num_statements": 4,
                        "percent_covered": 0.0,
                        "percent_covered_display": "0",
                        "missing_lines": 4,
                        "excluded_lines": 0,
                        "num_branches": 4,
                        "num_partial_branches": 0,
                        "covered_branches": 0,
                        "missing_branches": 4
                    },
                    "missing_lines": [
                        16,
                        17,
                        18,
                        19
                    ],
                    "excluded_lines": [],
                    "executed_branches": [],
                    "missing_branches": [
                        [
                            16,
                            -15
                        ],
                        [
                            16,
                            17
                        ],
                        [
                            18,
                            -15
                        ],
                        [
                            18,
                            19
                        ]
                    ]
                },
                "": {
                    "executed_lines": [
                        1,
                        2,
                        5,
                        11,
                        15
                    ],
                    "summary": {
                        "covered_lines": 5,
                        "num_statements": 5,
                        "percent_covered": 100.0,
                        "percent_covered_display": "100",
                        "missing_lines": 0,
                        "excluded_lines": 0,
                        "num_branches": 0,
                        "num_partial_branches": 0,
                        "covered_branches": 0,
                        "missing_branches": 0
                    },
                    "missing_lines": [],
                    "excluded_lines": [],
                    "executed_branches": [],
                    "missing_branches": []
                }
            },
            "classes": {
                "EventEmitter": {
                    "executed_lines": [
                        3
                    ],
                    "summary": {
                        "covered_lines": 1,
                        "num_statements": 11,
                        "percent_covered": 5.2631578947368425,
                        "percent_covered_display": "5",
                        "missing_lines": 10,
                        "excluded_lines": 0,
                        "num_branches": 8,
                        "num_partial_branches": 0,
                        "covered_branches": 0,
                        "missing_branches": 8
                    },
                    "missing_lines": [
                        6,
                        7,
                        8,
                        9,
                        12,
                        13,
                        16,
                        17,
                        18,
                        19
                    ],
                    "excluded_lines": [],
                    "executed_branches": [],
                    "missing_branches": [
                        [
                            7,
                            8
                        ],
                        [
                            7,
                            9
                        ],
                        [
                            12,
                            -11
                        ],
                        [
                            12,
                            13
                        ],
                        [
                            16,
                            -15
                        ],
                        [
                            16,
                            17
                        ],
                        [
                            18,
                            -15
                        ],
                        [
                            18,
                            19
                        ]
                    ]
                },
                "": {
                    "executed_lines": [
                        1,
                        2,
                        5,
                        11,
                        15
                    ],
                    "summary": {
                        "covered_lines": 5,
                        "num_statements": 5,
                        "percent_covered": 100.0,
                        "percent_covered_display": "100",
                        "missing_lines": 0,
                        "excluded_lines": 0,
                        "num_branches": 0,
                        "num_partial_branches": 0,
                        "covered_branches": 0,
                        "missing_branches": 0
                    },
                    "missing_lines": [],
                    "excluded_lines": [],
                    "executed_branches": [],
                    "missing_branches": []
                }
            }
        }
    },
    "totals": {
        "covered_lines": 688,
        "num_statements": 1642,
        "percent_covered": 37.23618090452261,
        "percent_covered_display": "37",
        "missing_lines": 954,
        "excluded_lines": 12,
        "num_branches": 348,
        "num_partial_branches": 11,
        "covered_branches": 53,
        "missing_branches": 295
    }
}